<?xml version="1.0" encoding="UTF-8"?>
<!-- Generated by org.testng.reporters.JUnitXMLReporter -->
<testsuite hostname="DESKTOP-Q496GAK" ignored="0" name="Add_All_Type_of_Customers" tests="6" failures="0" timestamp="23 Mar 2021 06:02:53 GMT" time="262.544" errors="0">
  <testcase name="Customer_Type_Residential" time="48.147" classname="Marketing_Project.Market_All_Cusotmer"/>
  <testcase name="Customer_Type_Business" time="37.432" classname="Marketing_Project.Market_All_Cusotmer"/>
  <testcase name="Customer_Type_Commercial" time="45.986" classname="Marketing_Project.Market_All_Cusotmer"/>
  <testcase name="Add_Provisional_Service" time="47.021" classname="Marketing_Project.Market_All_Cusotmer"/>
  <testcase name="Add_Service_ND_Update" time="41.701" classname="Marketing_Project.Market_All_Cusotmer"/>
  <testcase name="Add_service_Commercial" time="29.69" classname="Marketing_Project.Market_All_Cusotmer"/>
</testsuite> <!-- Add_All_Type_of_Customers -->
