<?xml version="1.0" encoding="UTF-8"?>
<!-- Generated by org.testng.reporters.JUnitXMLReporter -->
<testsuite hostname="DESKTOP-Q496GAK" ignored="0" name="Add_Auto_Due_Date" tests="8" failures="0" timestamp="23 Mar 2021 06:47:03 GMT" time="728.83" errors="0">
  <testcase name="Enable_Due_Date_By_Payment_Terms" time="20.406" classname="Marketing_Project.Add_Auto_Due_Date"/>
  <testcase name="Add_Commercial_customer" time="161.669" classname="Marketing_Project.Add_Auto_Due_Date"/>
  <testcase name="Add_Residential_Customer" time="150.854" classname="Marketing_Project.Add_Auto_Due_Date"/>
  <testcase name="Add_Bussiness_Customer" time="153.633" classname="Marketing_Project.Add_Auto_Due_Date"/>
  <testcase name="Add_BillRun_Cycle" time="41.381" classname="Marketing_Project.Add_Auto_Due_Date"/>
  <testcase name="Calender_Days_Due_Date" time="39.143" classname="Marketing_Project.Add_Auto_Due_Date"/>
  <testcase name="Business_Days_Due_Date" time="79.355" classname="Marketing_Project.Add_Auto_Due_Date"/>
  <testcase name="End_of_Month_Due_Date" time="69.84" classname="Marketing_Project.Add_Auto_Due_Date"/>
</testsuite> <!-- Add_Auto_Due_Date -->
