<?xml version="1.0" encoding="UTF-8"?>
<!-- Generated by org.testng.reporters.JUnitXMLReporter -->
<testsuite hostname="DESKTOP-Q496GAK" ignored="0" name="All Customers Billrun With No_Cycle" tests="6" failures="1" timestamp="05 Apr 2021 08:05:03 GMT" time="363.366" errors="0">
  <testcase name="Add_Meter" time="32.716" classname="Marketing_Project.Billrun_With_No_Cycle"/>
  <testcase name="Add_Meter_Register" time="11.584" classname="Marketing_Project.Billrun_With_No_Cycle"/>
  <testcase name="Add_Meter_Reads" time="45.307" classname="Marketing_Project.Billrun_With_No_Cycle"/>
  <testcase name="Add_Metering_Commercial_Customer" time="89.724" classname="Marketing_Project.Billrun_With_No_Cycle"/>
  <testcase name="Add_Metering_Business_Customer" time="91.727" classname="Marketing_Project.Billrun_With_No_Cycle"/>
  <testcase name="Bill_Run_Without_Selecting_Cycle" time="78.456" classname="Marketing_Project.Billrun_With_No_Cycle">
    <failure type="java.lang.NullPointerException">
      <![CDATA[java.lang.NullPointerException
at Re_Useable.Assertion_Test.Assert_Success_Bill_Run(Assertion_Test.java:310)
at Marketing_Project.Billrun_With_No_Cycle.Bill_Run_Without_Selecting_Cycle(Billrun_With_No_Cycle.java:834)
... Removed 25 stack frames]]>
    </failure>
  </testcase> <!-- Bill_Run_Without_Selecting_Cycle -->
</testsuite> <!-- All Customers Billrun With No_Cycle -->
