<?xml version="1.0" encoding="UTF-8"?>
<!-- Generated by org.testng.reporters.JUnitXMLReporter -->
<testsuite hostname="DESKTOP-Q496GAK" ignored="0" name="Billrun_With No_Cycle" tests="6" failures="1" timestamp="23 Mar 2021 06:09:16 GMT" time="382.716" errors="0">
  <testcase name="Add_Meter" time="37.11" classname="Marketing_Project.Billrun_With_No_Cycle"/>
  <testcase name="Add_Meter_Register" time="13.415" classname="Marketing_Project.Billrun_With_No_Cycle"/>
  <testcase name="Add_Meter_Reads" time="46.98" classname="Marketing_Project.Billrun_With_No_Cycle"/>
  <testcase name="Add_Metering_Commercial_Customer" time="96.78" classname="Marketing_Project.Billrun_With_No_Cycle"/>
  <testcase name="Add_Metering_Business_Customer" time="96.472" classname="Marketing_Project.Billrun_With_No_Cycle"/>
  <testcase name="Bill_Run" time="79.322" classname="Marketing_Project.Billrun_With_No_Cycle">
    <failure type="java.lang.NullPointerException">
      <![CDATA[java.lang.NullPointerException
at Marketing_Project.Billrun_With_No_Cycle.Bill_Run(Billrun_With_No_Cycle.java:836)
... Removed 25 stack frames]]>
    </failure>
  </testcase> <!-- Bill_Run -->
</testsuite> <!-- Billrun_With No_Cycle -->
