<?xml version="1.0" encoding="UTF-8"?>
<!-- Generated by org.testng.reporters.JUnitXMLReporter -->
<testsuite hostname="DESKTOP-Q496GAK" ignored="0" name="Import TOU File And Add Plans" tests="6" failures="0" timestamp="05 Apr 2021 07:54:36 GMT" time="185.52" errors="0">
  <testcase name="Import_TOU_Definition" time="36.902" classname="Marketing_Project.Market_TOU_FIle_and_AddPlan"/>
  <testcase name="Add_Simple_Plan" time="10.755" classname="Marketing_Project.Market_TOU_FIle_and_AddPlan"/>
  <testcase name="Add_planWith_NetworkRats" time="29.375" classname="Marketing_Project.Market_TOU_FIle_and_AddPlan"/>
  <testcase name="Add_PlanWith_RetailRates" time="47.552" classname="Marketing_Project.Market_TOU_FIle_and_AddPlan"/>
  <testcase name="Other_plan" time="21.665" classname="Marketing_Project.Market_TOU_FIle_and_AddPlan"/>
  <testcase name="Add_ProRated_Rates" time="25.408" classname="Marketing_Project.Market_TOU_FIle_and_AddPlan"/>
</testsuite> <!-- Import TOU File And Add Plans -->
