<?xml version="1.0" encoding="UTF-8"?>
<!-- Generated by org.testng.reporters.JUnitXMLReporter -->
<testsuite hostname="DESKTOP-Q496GAK" ignored="0" name="Import_TOU_File_And_Add_Plans" tests="6" failures="0" timestamp="23 Mar 2021 05:58:31 GMT" time="187.594" errors="0">
  <testcase name="Import_TOU_Definition" time="39.783" classname="Marketing_Project.Market_TOU_FIle_and_AddPlan"/>
  <testcase name="Add_Simple_Plan" time="10.977" classname="Marketing_Project.Market_TOU_FIle_and_AddPlan"/>
  <testcase name="Add_planWith_NetworkRats" time="29.373" classname="Marketing_Project.Market_TOU_FIle_and_AddPlan"/>
  <testcase name="Add_PlanWith_RetailRates" time="47.506" classname="Marketing_Project.Market_TOU_FIle_and_AddPlan"/>
  <testcase name="Other_plan" time="21.959" classname="Marketing_Project.Market_TOU_FIle_and_AddPlan"/>
  <testcase name="Add_ProRated_Rates" time="24.076" classname="Marketing_Project.Market_TOU_FIle_and_AddPlan"/>
</testsuite> <!-- Import_TOU_File_And_Add_Plans -->
