<?xml version="1.0" encoding="UTF-8"?>
<!-- Generated by org.testng.reporters.JUnitXMLReporter -->
<testsuite hostname="DESKTOP-Q496GAK" ignored="0" name="Large_Bill_Run" tests="14" failures="0" timestamp="23 Mar 2021 06:33:22 GMT" time="662.841" errors="0">
  <testcase name="Add_First_Customer_and_Service" time="76.907" classname="Marketing_Project.Large_Bill_Run"/>
  <testcase name="Add_Meter" time="19.957" classname="Marketing_Project.Large_Bill_Run"/>
  <testcase name="Add_Meter_Register" time="12.982" classname="Marketing_Project.Large_Bill_Run"/>
  <testcase name="Add_Meter_Reads" time="44.847" classname="Marketing_Project.Large_Bill_Run"/>
  <testcase name="Add_Second_Customer_and_Service" time="74.727" classname="Marketing_Project.Large_Bill_Run"/>
  <testcase name="Add_Metering_Second_Customer" time="86.083" classname="Marketing_Project.Large_Bill_Run"/>
  <testcase name="Add_Third_Customer_and_Service" time="75.441" classname="Marketing_Project.Large_Bill_Run"/>
  <testcase name="Add_Metering_Third_Customer" time="86.484" classname="Marketing_Project.Large_Bill_Run"/>
  <testcase name="Add_BillRun_Cycle" time="41.14" classname="Marketing_Project.Large_Bill_Run"/>
  <testcase name="Bill_Run" time="24.155" classname="Marketing_Project.Large_Bill_Run"/>
  <testcase name="Full_Statement_Rollback" time="9.064" classname="Marketing_Project.Large_Bill_Run"/>
  <testcase name="Single_Customer_Rollback" time="50.886" classname="Marketing_Project.Large_Bill_Run"/>
  <testcase name="Rebill_and_Reuse_Statement" time="19.113" classname="Marketing_Project.Large_Bill_Run"/>
  <testcase name="Rebill_with_new_Statement" time="28.198" classname="Marketing_Project.Large_Bill_Run"/>
</testsuite> <!-- Large_Bill_Run -->
