<?xml version="1.0" encoding="UTF-8"?>
<!-- Generated by org.testng.reporters.JUnitXMLReporter -->
<testsuite hostname="DESKTOP-Q496GAK" ignored="0" name="More Than two Customers Bill Run, Rollback and Rebill" tests="14" failures="0" timestamp="05 Apr 2021 08:28:25 GMT" time="645.347" errors="0">
  <testcase name="Add_First_Customer_and_Service" time="74.43" classname="Marketing_Project.Large_Bill_Run"/>
  <testcase name="Add_Meter" time="19.057" classname="Marketing_Project.Large_Bill_Run"/>
  <testcase name="Add_Meter_Register" time="11.655" classname="Marketing_Project.Large_Bill_Run"/>
  <testcase name="Add_Meter_Reads" time="46.386" classname="Marketing_Project.Large_Bill_Run"/>
  <testcase name="Add_Second_Customer_and_Service" time="72.313" classname="Marketing_Project.Large_Bill_Run"/>
  <testcase name="Add_Metering_Second_Customer" time="82.417" classname="Marketing_Project.Large_Bill_Run"/>
  <testcase name="Add_Third_Customer_and_Service" time="73.583" classname="Marketing_Project.Large_Bill_Run"/>
  <testcase name="Add_Metering_Third_Customer" time="79.994" classname="Marketing_Project.Large_Bill_Run"/>
  <testcase name="Add_BillRun_Cycle" time="40.467" classname="Marketing_Project.Large_Bill_Run"/>
  <testcase name="Bill_Run" time="24.303" classname="Marketing_Project.Large_Bill_Run"/>
  <testcase name="Full_Statement_Rollback" time="8.257" classname="Marketing_Project.Large_Bill_Run"/>
  <testcase name="Single_Customer_Rollback" time="49.407" classname="Marketing_Project.Large_Bill_Run"/>
  <testcase name="Rebill_and_Reuse_Statement" time="20.685" classname="Marketing_Project.Large_Bill_Run"/>
  <testcase name="Rebill_with_new_Statement" time="29.598" classname="Marketing_Project.Large_Bill_Run"/>
</testsuite> <!-- More Than two Customers Bill Run, Rollback and Rebill -->
