<?xml version="1.0" encoding="UTF-8"?>
<!-- Generated by org.testng.reporters.JUnitXMLReporter -->
<testsuite hostname="DESKTOP-Q496GAK" ignored="0" name="open in Edge" tests="16" failures="0" timestamp="18 Feb 2021 06:16:00 GMT" time="9.256" errors="0">
  <testcase name="@BeforeClass Login" time="3.857" classname="Re_Useable.Login_site">
    <failure type="org.openqa.selenium.WebDriverException" message="unknown error: cannot determine loading status
from disconnected: received Inspector.detached event
  (Session info: MicrosoftEdge=88.0.705.74)
Build info: version: &amp;apos;3.141.59&amp;apos;, revision: &amp;apos;e82be7d358&amp;apos;, time: &amp;apos;2018-11-14T08:25:53&amp;apos;
System info: host: &amp;apos;DESKTOP-Q496GAK&amp;apos;, ip: &amp;apos;172.16.5.160&amp;apos;, os.name: &amp;apos;Windows 10&amp;apos;, os.arch: &amp;apos;amd64&amp;apos;, os.version: &amp;apos;10.0&amp;apos;, java.version: &amp;apos;1.8.0_201&amp;apos;
Driver info: org.openqa.selenium.edge.EdgeDriver
Capabilities {acceptInsecureCerts: false, browserName: msedge, browserVersion: 88.0.705.74, javascriptEnabled: true, ms:edgeOptions: {debuggerAddress: localhost:51558}, msedge: {msedgedriverVersion: 88.0.705.74 (498de26f3a841d..., userDataDir: C:\Users\Lenovo\AppData\Loc...}, networkConnectionEnabled: false, pageLoadStrategy: normal, platform: WINDOWS, platformName: WINDOWS, proxy: Proxy(), setWindowRect: true, strictFileInteractability: false, timeouts: {implicit: 0, pageLoad: 300000, script: 30000}, unhandledPromptBehavior: dismiss and notify, webauthn:extension:largeBlob: true, webauthn:virtualAuthenticators: true}
Session ID: 473220ef222276e3a2a74ad937fca59d">
      <![CDATA[org.openqa.selenium.WebDriverException: unknown error: cannot determine loading status
from disconnected: received Inspector.detached event
  (Session info: MicrosoftEdge=88.0.705.74)
Build info: version: '3.141.59', revision: 'e82be7d358', time: '2018-11-14T08:25:53'
System info: host: 'DESKTOP-Q496GAK', ip: '172.16.5.160', os.name: 'Windows 10', os.arch: 'amd64', os.version: '10.0', java.version: '1.8.0_201'
Driver info: org.openqa.selenium.edge.EdgeDriver
Capabilities {acceptInsecureCerts: false, browserName: msedge, browserVersion: 88.0.705.74, javascriptEnabled: true, ms:edgeOptions: {debuggerAddress: localhost:51558}, msedge: {msedgedriverVersion: 88.0.705.74 (498de26f3a841d..., userDataDir: C:\Users\Lenovo\AppData\Loc...}, networkConnectionEnabled: false, pageLoadStrategy: normal, platform: WINDOWS, platformName: WINDOWS, proxy: Proxy(), setWindowRect: true, strictFileInteractability: false, timeouts: {implicit: 0, pageLoad: 300000, script: 30000}, unhandledPromptBehavior: dismiss and notify, webauthn:extension:largeBlob: true, webauthn:virtualAuthenticators: true}
Session ID: 473220ef222276e3a2a74ad937fca59d
at org.openqa.selenium.remote.http.W3CHttpResponseCodec.createException(W3CHttpResponseCodec.java:187)
at org.openqa.selenium.remote.http.W3CHttpResponseCodec.decode(W3CHttpResponseCodec.java:122)
at org.openqa.selenium.remote.http.W3CHttpResponseCodec.decode(W3CHttpResponseCodec.java:49)
at org.openqa.selenium.remote.HttpCommandExecutor.execute(HttpCommandExecutor.java:158)
at org.openqa.selenium.remote.service.DriverCommandExecutor.execute(DriverCommandExecutor.java:83)
at org.openqa.selenium.remote.RemoteWebDriver.execute(RemoteWebDriver.java:552)
at org.openqa.selenium.remote.RemoteWebDriver.get(RemoteWebDriver.java:277)
at Re_Useable.Login_site.Login(Login_site.java:119)
at java.util.concurrent.FutureTask.run(FutureTask.java:266)
at java.util.concurrent.ThreadPoolExecutor.runWorker(ThreadPoolExecutor.java:1149)
at java.util.concurrent.ThreadPoolExecutor$Worker.run(ThreadPoolExecutor.java:624)
at java.lang.Thread.run(Thread.java:748)
... Removed 21 stack frames]]>
    </failure>
  </testcase> <!-- @BeforeClass Login -->
  <testcase name="@BeforeClass Login" time="2.674" classname="Re_Useable.Login_site">
    <failure type="org.openqa.selenium.WebDriverException" message="unknown error: cannot determine loading status
from disconnected: unable to send message to renderer
  (Session info: MicrosoftEdge=88.0.705.74)
Build info: version: &amp;apos;3.141.59&amp;apos;, revision: &amp;apos;e82be7d358&amp;apos;, time: &amp;apos;2018-11-14T08:25:53&amp;apos;
System info: host: &amp;apos;DESKTOP-Q496GAK&amp;apos;, ip: &amp;apos;172.16.5.160&amp;apos;, os.name: &amp;apos;Windows 10&amp;apos;, os.arch: &amp;apos;amd64&amp;apos;, os.version: &amp;apos;10.0&amp;apos;, java.version: &amp;apos;1.8.0_201&amp;apos;
Driver info: org.openqa.selenium.edge.EdgeDriver
Capabilities {acceptInsecureCerts: false, browserName: msedge, browserVersion: 88.0.705.74, javascriptEnabled: true, ms:edgeOptions: {debuggerAddress: localhost:51578}, msedge: {msedgedriverVersion: 88.0.705.74 (498de26f3a841d..., userDataDir: C:\Users\Lenovo\AppData\Loc...}, networkConnectionEnabled: false, pageLoadStrategy: normal, platform: WINDOWS, platformName: WINDOWS, proxy: Proxy(), setWindowRect: true, strictFileInteractability: false, timeouts: {implicit: 0, pageLoad: 300000, script: 30000}, unhandledPromptBehavior: dismiss and notify, webauthn:extension:largeBlob: true, webauthn:virtualAuthenticators: true}
Session ID: 8226cd19a092285e75a69a828c8eef04">
      <![CDATA[org.openqa.selenium.WebDriverException: unknown error: cannot determine loading status
from disconnected: unable to send message to renderer
  (Session info: MicrosoftEdge=88.0.705.74)
Build info: version: '3.141.59', revision: 'e82be7d358', time: '2018-11-14T08:25:53'
System info: host: 'DESKTOP-Q496GAK', ip: '172.16.5.160', os.name: 'Windows 10', os.arch: 'amd64', os.version: '10.0', java.version: '1.8.0_201'
Driver info: org.openqa.selenium.edge.EdgeDriver
Capabilities {acceptInsecureCerts: false, browserName: msedge, browserVersion: 88.0.705.74, javascriptEnabled: true, ms:edgeOptions: {debuggerAddress: localhost:51578}, msedge: {msedgedriverVersion: 88.0.705.74 (498de26f3a841d..., userDataDir: C:\Users\Lenovo\AppData\Loc...}, networkConnectionEnabled: false, pageLoadStrategy: normal, platform: WINDOWS, platformName: WINDOWS, proxy: Proxy(), setWindowRect: true, strictFileInteractability: false, timeouts: {implicit: 0, pageLoad: 300000, script: 30000}, unhandledPromptBehavior: dismiss and notify, webauthn:extension:largeBlob: true, webauthn:virtualAuthenticators: true}
Session ID: 8226cd19a092285e75a69a828c8eef04
at org.openqa.selenium.remote.http.W3CHttpResponseCodec.createException(W3CHttpResponseCodec.java:187)
at org.openqa.selenium.remote.http.W3CHttpResponseCodec.decode(W3CHttpResponseCodec.java:122)
at org.openqa.selenium.remote.http.W3CHttpResponseCodec.decode(W3CHttpResponseCodec.java:49)
at org.openqa.selenium.remote.HttpCommandExecutor.execute(HttpCommandExecutor.java:158)
at org.openqa.selenium.remote.service.DriverCommandExecutor.execute(DriverCommandExecutor.java:83)
at org.openqa.selenium.remote.RemoteWebDriver.execute(RemoteWebDriver.java:552)
at org.openqa.selenium.remote.RemoteWebDriver.get(RemoteWebDriver.java:277)
at Re_Useable.Login_site.Login(Login_site.java:119)
at java.util.concurrent.FutureTask.run(FutureTask.java:266)
at java.util.concurrent.ThreadPoolExecutor.runWorker(ThreadPoolExecutor.java:1149)
at java.util.concurrent.ThreadPoolExecutor$Worker.run(ThreadPoolExecutor.java:624)
at java.lang.Thread.run(Thread.java:748)
... Removed 21 stack frames]]>
    </failure>
  </testcase> <!-- @BeforeClass Login -->
  <testcase name="@BeforeClass Login" time="2.507" classname="Re_Useable.Login_site">
    <failure type="org.openqa.selenium.WebDriverException" message="unknown error: cannot determine loading status
from disconnected: received Inspector.detached event
  (Session info: MicrosoftEdge=88.0.705.74)
Build info: version: &amp;apos;3.141.59&amp;apos;, revision: &amp;apos;e82be7d358&amp;apos;, time: &amp;apos;2018-11-14T08:25:53&amp;apos;
System info: host: &amp;apos;DESKTOP-Q496GAK&amp;apos;, ip: &amp;apos;172.16.5.160&amp;apos;, os.name: &amp;apos;Windows 10&amp;apos;, os.arch: &amp;apos;amd64&amp;apos;, os.version: &amp;apos;10.0&amp;apos;, java.version: &amp;apos;1.8.0_201&amp;apos;
Driver info: org.openqa.selenium.edge.EdgeDriver
Capabilities {acceptInsecureCerts: false, browserName: msedge, browserVersion: 88.0.705.74, javascriptEnabled: true, ms:edgeOptions: {debuggerAddress: localhost:51594}, msedge: {msedgedriverVersion: 88.0.705.74 (498de26f3a841d..., userDataDir: C:\Users\Lenovo\AppData\Loc...}, networkConnectionEnabled: false, pageLoadStrategy: normal, platform: WINDOWS, platformName: WINDOWS, proxy: Proxy(), setWindowRect: true, strictFileInteractability: false, timeouts: {implicit: 0, pageLoad: 300000, script: 30000}, unhandledPromptBehavior: dismiss and notify, webauthn:extension:largeBlob: true, webauthn:virtualAuthenticators: true}
Session ID: 8ef6b6af067045a7beea1deda0161f2e">
      <![CDATA[org.openqa.selenium.WebDriverException: unknown error: cannot determine loading status
from disconnected: received Inspector.detached event
  (Session info: MicrosoftEdge=88.0.705.74)
Build info: version: '3.141.59', revision: 'e82be7d358', time: '2018-11-14T08:25:53'
System info: host: 'DESKTOP-Q496GAK', ip: '172.16.5.160', os.name: 'Windows 10', os.arch: 'amd64', os.version: '10.0', java.version: '1.8.0_201'
Driver info: org.openqa.selenium.edge.EdgeDriver
Capabilities {acceptInsecureCerts: false, browserName: msedge, browserVersion: 88.0.705.74, javascriptEnabled: true, ms:edgeOptions: {debuggerAddress: localhost:51594}, msedge: {msedgedriverVersion: 88.0.705.74 (498de26f3a841d..., userDataDir: C:\Users\Lenovo\AppData\Loc...}, networkConnectionEnabled: false, pageLoadStrategy: normal, platform: WINDOWS, platformName: WINDOWS, proxy: Proxy(), setWindowRect: true, strictFileInteractability: false, timeouts: {implicit: 0, pageLoad: 300000, script: 30000}, unhandledPromptBehavior: dismiss and notify, webauthn:extension:largeBlob: true, webauthn:virtualAuthenticators: true}
Session ID: 8ef6b6af067045a7beea1deda0161f2e
at org.openqa.selenium.remote.http.W3CHttpResponseCodec.createException(W3CHttpResponseCodec.java:187)
at org.openqa.selenium.remote.http.W3CHttpResponseCodec.decode(W3CHttpResponseCodec.java:122)
at org.openqa.selenium.remote.http.W3CHttpResponseCodec.decode(W3CHttpResponseCodec.java:49)
at org.openqa.selenium.remote.HttpCommandExecutor.execute(HttpCommandExecutor.java:158)
at org.openqa.selenium.remote.service.DriverCommandExecutor.execute(DriverCommandExecutor.java:83)
at org.openqa.selenium.remote.RemoteWebDriver.execute(RemoteWebDriver.java:552)
at org.openqa.selenium.remote.RemoteWebDriver.get(RemoteWebDriver.java:277)
at Re_Useable.Login_site.Login(Login_site.java:119)
at java.util.concurrent.FutureTask.run(FutureTask.java:266)
at java.util.concurrent.ThreadPoolExecutor.runWorker(ThreadPoolExecutor.java:1149)
at java.util.concurrent.ThreadPoolExecutor$Worker.run(ThreadPoolExecutor.java:624)
at java.lang.Thread.run(Thread.java:748)
... Removed 21 stack frames]]>
    </failure>
  </testcase> <!-- @BeforeClass Login -->
  <testcase name="@AfterClass logout" time="0.0" classname="Re_Useable.Login_site">
    <skipped/>
  </testcase> <!-- @AfterClass logout -->
  <testcase name="@AfterClass logout" time="0.0" classname="Re_Useable.Login_site">
    <skipped/>
  </testcase> <!-- @AfterClass logout -->
  <testcase name="@AfterClass logout" time="0.0" classname="Re_Useable.Login_site">
    <skipped/>
  </testcase> <!-- @AfterClass logout -->
  <testcase name="Import_TOU_Definition" time="0.0" classname="Marketing_Project.Market_TOU_FIle_and_AddPlan">
    <skipped/>
  </testcase> <!-- Import_TOU_Definition -->
  <testcase name="Customer_Type_Residential" time="0.0" classname="Marketing_Project.Market_All_Cusotmer">
    <skipped/>
  </testcase> <!-- Customer_Type_Residential -->
  <testcase name="Add_Customer" time="0.0" classname="Marketing_Project.Customer_Update">
    <skipped/>
  </testcase> <!-- Add_Customer -->
  <testcase name="Add_Simple_Plan" time="0.0" classname="Marketing_Project.Market_TOU_FIle_and_AddPlan">
    <skipped/>
  </testcase> <!-- Add_Simple_Plan -->
  <testcase name="Customer_Type_Business" time="0.0" classname="Marketing_Project.Market_All_Cusotmer">
    <skipped/>
  </testcase> <!-- Customer_Type_Business -->
  <testcase name="Add_Service_ND_Update" time="0.0" classname="Marketing_Project.Customer_Update">
    <skipped/>
  </testcase> <!-- Add_Service_ND_Update -->
  <testcase name="Add_planWith_NetworkRats" time="0.0" classname="Marketing_Project.Market_TOU_FIle_and_AddPlan">
    <skipped/>
  </testcase> <!-- Add_planWith_NetworkRats -->
  <testcase name="Customer_Type_Commercial" time="0.0" classname="Marketing_Project.Market_All_Cusotmer">
    <skipped/>
  </testcase> <!-- Customer_Type_Commercial -->
  <testcase name="Add_Siteparamenter" time="0.0" classname="Marketing_Project.Customer_Update">
    <skipped/>
  </testcase> <!-- Add_Siteparamenter -->
  <testcase name="Add_PlanWith_RetailRates" time="0.0" classname="Marketing_Project.Market_TOU_FIle_and_AddPlan">
    <skipped/>
  </testcase> <!-- Add_PlanWith_RetailRates -->
  <testcase name="Add_Provisional_Service" time="0.0" classname="Marketing_Project.Market_All_Cusotmer">
    <skipped/>
  </testcase> <!-- Add_Provisional_Service -->
  <testcase name="AddSite_plan_fromService" time="0.0" classname="Marketing_Project.Customer_Update">
    <skipped/>
  </testcase> <!-- AddSite_plan_fromService -->
  <testcase name="Other_plan" time="0.0" classname="Marketing_Project.Market_TOU_FIle_and_AddPlan">
    <skipped/>
  </testcase> <!-- Other_plan -->
  <testcase name="customer_Save_nd_Add_Provisioning_option" time="0.0" classname="Marketing_Project.Market_All_Cusotmer">
    <skipped/>
  </testcase> <!-- customer_Save_nd_Add_Provisioning_option -->
  <testcase name="Add_BillRun_Cycle" time="0.0" classname="Marketing_Project.Customer_Update">
    <skipped/>
  </testcase> <!-- Add_BillRun_Cycle -->
  <testcase name="Edit_BillRUn" time="0.0" classname="Marketing_Project.Customer_Update">
    <skipped/>
  </testcase> <!-- Edit_BillRUn -->
</testsuite> <!-- open in Edge -->
