<?xml version="1.0" encoding="UTF-8"?>
<!-- Generated by org.testng.reporters.JUnitXMLReporter -->
<testsuite hostname="DESKTOP-Q496GAK" ignored="0" name="Single Customer Bill Run, Rollback and Rebill" tests="9" failures="0" timestamp="05 Apr 2021 08:09:30 GMT" time="266.622" errors="0">
  <testcase name="Add_Customer_and_Service" time="72.744" classname="Marketing_Project.Single_Customer_Bill_Run"/>
  <testcase name="Add_Meter" time="15.696" classname="Marketing_Project.Single_Customer_Bill_Run"/>
  <testcase name="Add_Meter_Register" time="10.692" classname="Marketing_Project.Single_Customer_Bill_Run"/>
  <testcase name="Add_Meter_Reads" time="44.992" classname="Marketing_Project.Single_Customer_Bill_Run"/>
  <testcase name="Add_BillRun_Cycle" time="24.846" classname="Marketing_Project.Single_Customer_Bill_Run"/>
  <testcase name="Bill_Run" time="22.674" classname="Marketing_Project.Single_Customer_Bill_Run"/>
  <testcase name="Full_Statement_Rollback" time="18.104" classname="Marketing_Project.Single_Customer_Bill_Run"/>
  <testcase name="Single_Customer_Rollback" time="38.832" classname="Marketing_Project.Single_Customer_Bill_Run"/>
  <testcase name="Check_Rebill_Button" time="5.265" classname="Marketing_Project.Single_Customer_Bill_Run"/>
</testsuite> <!-- Single Customer Bill Run, Rollback and Rebill -->
