<?xml version="1.0" encoding="UTF-8"?>
<!-- Generated by org.testng.reporters.JUnitXMLReporter -->
<testsuite hostname="DESKTOP-Q496GAK" ignored="0" name="Single_Customer_Bill_Run" tests="8" failures="0" timestamp="23 Mar 2021 06:14:06 GMT" time="289.935" errors="0">
  <testcase name="Add_Customer_and_Service" time="78.146" classname="Marketing_Project.Single_Customer_Bill_Run"/>
  <testcase name="Add_Meter" time="20.776" classname="Marketing_Project.Single_Customer_Bill_Run"/>
  <testcase name="Add_Meter_Register" time="13.076" classname="Marketing_Project.Single_Customer_Bill_Run"/>
  <testcase name="Add_Meter_Reads" time="44.776" classname="Marketing_Project.Single_Customer_Bill_Run"/>
  <testcase name="Add_BillRun_Cycle" time="35.563" classname="Marketing_Project.Single_Customer_Bill_Run"/>
  <testcase name="Bill_Run" time="24.413" classname="Marketing_Project.Single_Customer_Bill_Run"/>
  <testcase name="Full_Statement_Rollback" time="9.052" classname="Marketing_Project.Single_Customer_Bill_Run"/>
  <testcase name="Single_Customer_Rollback" time="51.383" classname="Marketing_Project.Single_Customer_Bill_Run"/>
</testsuite> <!-- Single_Customer_Bill_Run -->
