<?xml version="1.0" encoding="UTF-8"?>
<!-- Generated by org.testng.reporters.JUnitXMLReporter -->
<testsuite hostname="DESKTOP-Q496GAK" ignored="0" name="Single_Customer" tests="7" failures="0" timestamp="15 Mar 2021 05:56:22 GMT" time="234.418" errors="0">
  <testcase name="Add_Meter" time="32.737" classname="Marketing_Project.Single_Customer_Bill_Run"/>
  <testcase name="Add_Meter_Register" time="11.765" classname="Marketing_Project.Single_Customer_Bill_Run"/>
  <testcase name="Add_Meter_Reads" time="46.821" classname="Marketing_Project.Single_Customer_Bill_Run"/>
  <testcase name="Add_BillRun_Cycle" time="35.119" classname="Marketing_Project.Single_Customer_Bill_Run"/>
  <testcase name="Bill_Run" time="24.306" classname="Marketing_Project.Single_Customer_Bill_Run"/>
  <testcase name="Full_Statement_Rollback" time="27.744" classname="Marketing_Project.Single_Customer_Bill_Run"/>
  <testcase name="Single_Customer_Rollback" time="43.216" classname="Marketing_Project.Single_Customer_Bill_Run"/>
</testsuite> <!-- Single_Customer -->
