<?xml version="1.0" encoding="UTF-8"?>
<!-- Generated by org.testng.reporters.JUnitXMLReporter -->
<testsuite hostname="DESKTOP-Q496GAK" ignored="0" name="Test3" tests="6" failures="0" timestamp="17 Feb 2021 11:43:24 GMT" time="150.306" errors="0">
  <testcase name="Add_Customer" time="23.799" classname="Marketing_Project.Customer_Update"/>
  <testcase name="Add_Service_ND_Update" time="31.749" classname="Marketing_Project.Customer_Update"/>
  <testcase name="Add_Siteparamenter" time="17.207" classname="Marketing_Project.Customer_Update"/>
  <testcase name="AddSite_plan_fromService" time="26.996" classname="Marketing_Project.Customer_Update"/>
  <testcase name="Add_BillRun_Cycle" time="30.116" classname="Marketing_Project.Customer_Update"/>
  <testcase name="Edit_BillRUn" time="5.483" classname="Marketing_Project.Customer_Update"/>
</testsuite> <!-- Test3 -->
