<?xml version="1.0" encoding="UTF-8"?>
<!-- Generated by org.testng.reporters.JUnitXMLReporter -->
<testsuite hostname="DESKTOP-Q496GAK" ignored="0" name="Test" tests="5" failures="5" timestamp="05 Mar 2021 12:58:22 GMT" time="386.59" errors="0">
  <testcase name="@AfterClass logout" time="62.13" classname="Re_Useable.Login_site">
    <failure type="java.lang.NullPointerException">
      <![CDATA[java.lang.NullPointerException
at Re_Useable.Login_site.logout(Login_site.java:142)
... Removed 26 stack frames]]>
    </failure>
  </testcase> <!-- @AfterClass logout -->
  <testcase name="Add_Meter" time="64.148" classname="Marketing_Project.Single_Customer_Bill_Run">
    <failure type="java.lang.NullPointerException">
      <![CDATA[java.lang.NullPointerException
at Marketing_Project.Single_Customer_Bill_Run.Add_Meter(Single_Customer_Bill_Run.java:42)
... Removed 25 stack frames]]>
    </failure>
  </testcase> <!-- Add_Meter -->
  <testcase name="Add_Meter_Register" time="60.029" classname="Marketing_Project.Single_Customer_Bill_Run">
    <failure type="java.lang.NullPointerException">
      <![CDATA[java.lang.NullPointerException
at Marketing_Project.Single_Customer_Bill_Run.Add_Meter_Register(Single_Customer_Bill_Run.java:104)
... Removed 25 stack frames]]>
    </failure>
  </testcase> <!-- Add_Meter_Register -->
  <testcase name="Add_Meter_Reads" time="60.043" classname="Marketing_Project.Single_Customer_Bill_Run">
    <failure type="java.lang.NullPointerException">
      <![CDATA[java.lang.NullPointerException
at Marketing_Project.Single_Customer_Bill_Run.Add_Meter_Reads(Single_Customer_Bill_Run.java:174)
... Removed 25 stack frames]]>
    </failure>
  </testcase> <!-- Add_Meter_Reads -->
  <testcase name="Add_BillRun_Cycle" time="65.441" classname="Marketing_Project.Single_Customer_Bill_Run">
    <failure type="java.lang.NullPointerException">
      <![CDATA[java.lang.NullPointerException
at Marketing_Project.Single_Customer_Bill_Run.Add_BillRun_Cycle(Single_Customer_Bill_Run.java:283)
... Removed 25 stack frames]]>
    </failure>
  </testcase> <!-- Add_BillRun_Cycle -->
  <testcase name="Bill_Run" time="60.556" classname="Marketing_Project.Single_Customer_Bill_Run">
    <failure type="java.lang.NullPointerException">
      <![CDATA[java.lang.NullPointerException
at Marketing_Project.Single_Customer_Bill_Run.Bill_Run(Single_Customer_Bill_Run.java:328)
... Removed 25 stack frames]]>
    </failure>
  </testcase> <!-- Bill_Run -->
</testsuite> <!-- Test -->
