<?xml version="1.0" encoding="UTF-8"?>
<!-- Generated by org.testng.reporters.JUnitXMLReporter -->
<testsuite hostname="DESKTOP-Q496GAK" ignored="0" name="Two_Customer_Bill_Run" tests="12" failures="0" timestamp="23 Mar 2021 06:22:20 GMT" time="493.038" errors="0">
  <testcase name="Add_First_Customer_and_Service" time="76.708" classname="Marketing_Project.Two_Customer_Bill_Run"/>
  <testcase name="Add_Meter" time="19.716" classname="Marketing_Project.Two_Customer_Bill_Run"/>
  <testcase name="Add_Meter_Register" time="13.091" classname="Marketing_Project.Two_Customer_Bill_Run"/>
  <testcase name="Add_Meter_Reads" time="44.713" classname="Marketing_Project.Two_Customer_Bill_Run"/>
  <testcase name="Add_Second_Customer_and_Service" time="75.014" classname="Marketing_Project.Two_Customer_Bill_Run"/>
  <testcase name="Add_Metering_Second_Customer" time="86.796" classname="Marketing_Project.Two_Customer_Bill_Run"/>
  <testcase name="Add_BillRun_Cycle" time="35.84" classname="Marketing_Project.Two_Customer_Bill_Run"/>
  <testcase name="Bill_Run" time="24.029" classname="Marketing_Project.Two_Customer_Bill_Run"/>
  <testcase name="Full_Statement_Rollback" time="9.004" classname="Marketing_Project.Two_Customer_Bill_Run"/>
  <testcase name="Single_Customer_Rollback" time="50.522" classname="Marketing_Project.Two_Customer_Bill_Run"/>
  <testcase name="Rebill_and_Reuse_Statement" time="17.019" classname="Marketing_Project.Two_Customer_Bill_Run"/>
  <testcase name="Rebill_with_new_Statement" time="27.96" classname="Marketing_Project.Two_Customer_Bill_Run"/>
</testsuite> <!-- Two_Customer_Bill_Run -->
