<?xml version="1.0" encoding="UTF-8"?>
<!-- Generated by org.testng.reporters.JUnitXMLReporter -->
<testsuite hostname="DESKTOP-Q496GAK" ignored="0" name="Update Customer Service Details" tests="6" failures="0" timestamp="05 Apr 2021 08:31:46 GMT" time="200.363" errors="0">
  <testcase name="Add_Customer" time="23.853" classname="Marketing_Project.Customer_Update"/>
  <testcase name="Add_Service_ND_Update" time="63.699" classname="Marketing_Project.Customer_Update"/>
  <testcase name="Add_Siteparamenter" time="17.137" classname="Marketing_Project.Customer_Update"/>
  <testcase name="AddSite_plan_fromService" time="48.524" classname="Marketing_Project.Customer_Update"/>
  <testcase name="Add_BillRun_Cycle" time="29.245" classname="Marketing_Project.Customer_Update"/>
  <testcase name="Edit_BillRUn" time="5.126" classname="Marketing_Project.Customer_Update"/>
</testsuite> <!-- Update Customer Service Details -->
